-16.000000000000 -16.966676038326 -17.55077895 -9.2233 -9.2233 -7.4607 26.5875 10.5874 5.0000 1.0000E8 -9.30785257 26.5871 10.5871 0.0000 0.0000 0.0000 0.0000 1.0000 0.0100 4.4361E-8 0.0000 1.0000 -17.0124 1.000000000000E-16 1.0000E-7 0 0
-15.860000000000 -16.816970037757 -18.06337809 -9.2233 -9.2233 -7.3207 26.5875 10.7274 5.0000 1.0000E8 -9.30785250 26.5871 10.7271 0.0000 0.0000 0.0000 0.0000 1.0000 0.0100 6.2620E-8 0.0000 1.0000 -16.8627 1.380384264603E-16 1.0000E-7 4 4
-15.720000000000 -16.676970037757 -17.92337809 -9.2233 -9.2233 -7.1807 26.5875 10.8674 5.0000 1.0000E8 -9.30785241 26.5871 10.8671 0.0000 0.0000 0.0000 0.0000 1.0000 0.0100 8.6439E-8 0.0000 1.0000 -16.7227 1.905460717963E-16 1.0000E-7 4 8
-15.580000000000 -16.536970037757 -17.78337809 -9.2233 -9.2233 -7.0407 26.5875 11.0074 5.0000 1.0000E8 -9.30785228 26.5871 11.0071 0.0000 0.0000 0.0000 0.0000 1.0000 0.0100 1.1932E-7 0.0000 1.0000 -16.5827 2.630267991895E-16 1.0000E-7 4 12
-15.440000000000 -16.396970037757 -17.64337809 -9.2233 -9.2233 -6.9007 26.5875 11.1474 5.0000 1.0000E8 -9.30785210 26.5871 11.1471 0.0000 0.0000 0.0000 0.0000 1.0000 0.0100 1.6471E-7 0.0000 1.0000 -16.4427 3.630780547701E-16 1.0000E-7 4 16
-15.300000000000 -16.256970037757 -17.50337809 -9.2233 -9.2233 -6.7607 26.5875 11.2875 5.0000 1.0000E8 -9.30785186 26.5871 11.2871 0.0000 0.0000 0.0000 0.0000 1.0000 0.0100 2.2736E-7 0.0000 1.0000 -16.3027 5.011872336273E-16 1.0000E-7 4 20
-15.160000000000 -16.116970037757 -17.36337809 -9.2233 -9.2233 -6.6207 26.5875 11.4275 5.0000 1.0000E8 -9.30785152 26.5871 11.4271 0.0000 0.0000 0.0000 0.0000 1.0000 0.0100 3.1384E-7 0.0000 1.0000 -16.1627 6.918309709189E-16 1.0000E-7 4 24
-15.020000000000 -15.976970037757 -17.22337809 -9.2233 -9.2233 -6.4807 26.5875 11.5675 5.0000 1.0000E8 -9.30785106 26.5871 11.5671 0.0000 0.0000 0.0000 0.0000 1.0000 0.0100 4.3322E-7 0.0000 1.0000 -16.0227 9.549925860214E-16 1.0000E-7 4 28
-14.880000000000 -15.836970037757 -17.08337809 -9.2233 -9.2233 -6.3407 26.5875 11.7075 5.0000 1.0000E8 -9.30785041 26.5871 11.7071 0.0000 0.0000 0.0000 0.0000 1.0000 0.0100 5.9801E-7 0.0000 1.0000 -15.8827 1.318256738556E-15 1.0000E-7 4 32
-14.740000000000 -15.696970037757 -16.94337809 -9.2233 -9.2233 -6.2007 26.5875 11.8475 5.0000 1.0000E8 -9.30784952 26.5871 11.8471 0.0000 0.0000 0.0000 0.0000 1.0000 0.0100 8.2548E-7 0.0000 1.0000 -15.7427 1.819700858610E-15 1.0000E-7 4 36
-14.600000000000 -15.556970037757 -16.80337809 -9.2233 -9.2233 -6.0607 26.5875 11.9875 5.0000 1.0000E8 -9.30784829 26.5871 11.9871 0.0000 0.0000 0.0000 0.0000 1.0000 0.0100 1.1395E-6 0.0000 1.0000 -15.6027 2.511886431510E-15 1.0000E-7 4 40
-14.460000000000 -15.416970037757 -16.66337809 -9.2233 -9.2233 -5.9207 26.5874 12.1275 5.0000 1.0000E8 -9.30784660 26.5871 12.1271 0.0000 0.0000 0.0000 0.0000 1.0000 0.0100 1.5729E-6 0.0000 1.0000 -15.4627 3.467368504525E-15 1.0000E-7 4 44
-14.320000000000 -15.276970037757 -16.52337809 -9.2233 -9.2233 -5.7807 26.5874 12.2675 5.0000 1.0000E8 -9.30784426 26.5871 12.2671 0.0000 0.0000 0.0000 0.0000 1.0000 0.0100 2.1712E-6 0.0000 1.0000 -15.3227 4.786300923226E-15 1.0000E-7 4 48
-14.180000000000 -15.136970037757 -16.38337809 -9.2233 -9.2233 -5.6407 26.5874 12.4074 5.0000 1.0000E8 -9.30784103 26.5871 12.4071 0.0000 0.0000 0.0000 0.0000 1.0000 0.0100 2.9971E-6 0.0000 1.0000 -15.1827 6.606934480076E-15 1.0000E-7 4 52
-14.040000000000 -14.996970037757 -16.24337809 -9.2233 -9.2233 -5.5007 26.5874 12.5474 5.0000 1.0000E8 -9.30783658 26.5871 12.5471 0.0000 0.0000 0.0000 0.0000 1.0000 0.0100 4.1371E-6 0.0000 1.0000 -15.0427 9.120108393559E-15 1.0000E-7 4 56
-13.900000000000 -14.856970037757 -16.10337809 -9.2233 -9.2233 -5.3607 26.5874 12.6874 5.0000 1.0000E8 -9.30783043 26.5871 12.6871 0.0000 0.0000 0.0000 0.0000 1.0000 0.0100 5.7107E-6 0.0000 1.0000 -14.9027 1.258925411794E-14 1.0000E-7 4 60
-13.760000000000 -14.716970037757 -15.96337809 -9.2233 -9.2233 -5.2207 26.5874 12.8274 5.0000 1.0000E8 -9.30782194 26.5870 12.8271 0.0000 0.0000 0.0000 0.0000 1.0000 0.0100 7.8828E-6 0.0000 1.0000 -14.7627 1.737800828749E-14 1.0000E-7 4 64
-13.620000000000 -14.576970037757 -15.82337809 -9.2233 -9.2233 -5.0807 26.5874 12.9674 5.0000 1.0000E8 -9.30781022 26.5870 12.9671 0.0000 0.0000 0.0000 0.0000 1.0000 0.0100 1.0881E-5 0.0000 1.0000 -14.6227 2.398832919020E-14 1.0000E-7 4 68
-13.480000000000 -14.436970037757 -15.68337809 -9.2233 -9.2233 -4.9407 26.5873 13.1074 5.0000 1.0000E8 -9.30779404 26.5870 13.1070 0.0000 0.0000 0.0000 0.0000 1.0000 0.0100 1.5019E-5 0.0000 1.0000 -14.4827 3.311311214826E-14 1.0000E-7 4 72
-13.340000000000 -14.296970037757 -15.54337809 -9.2233 -9.2233 -4.8008 26.5873 13.2474 5.0000 1.0000E8 -9.30777171 26.5869 13.2470 0.0000 0.0000 0.0000 0.0000 1.0000 0.0100 2.0731E-5 0.0000 1.0000 -14.3427 4.570881896149E-14 1.0000E-7 4 76
-13.200000000000 -14.156970037757 -15.40337809 -9.2233 -9.2233 -4.6608 26.5872 13.3874 5.0000 1.0000E8 -9.30774089 26.5869 13.3870 0.0000 0.0000 0.0000 0.0000 1.0000 0.0100 2.8615E-5 0.0000 1.0000 -14.2027 6.309573444802E-14 1.0000E-7 4 80
-13.060000000000 -14.016970037757 -15.26337809 -9.2233 -9.2233 -4.5208 26.5872 13.5273 5.0000 1.0000E8 -9.30769834 26.5868 13.5270 0.0000 0.0000 0.0000 0.0000 1.0000 0.0100 3.9496E-5 0.0000 1.0000 -14.0627 8.709635899561E-14 1.0000E-7 4 84
-12.920000000000 -13.876970037757 -15.12337809 -9.2233 -9.2233 -4.3809 26.5870 13.6673 5.0000 1.0000E8 -9.30763962 26.5867 13.6669 0.0000 0.0000 0.0000 0.0000 1.0000 0.0100 5.4513E-5 0.0000 1.0000 -13.9227 1.202264434617E-13 1.0000E-7 4 88
-12.780000000000 -13.736970037757 -14.98337809 -9.2233 -9.2233 -4.2410 26.5869 13.8072 5.0000 1.0000E8 -9.30755857 26.5865 13.8068 0.0000 0.0000 0.0000 0.0000 1.0000 0.0100 7.5235E-5 0.0000 1.0000 -13.7827 1.659586907438E-13 1.0000E-7 4 92
-12.640000000000 -13.596970037757 -14.84337809 -9.2233 -9.2233 -4.1011 26.5867 13.9471 5.0000 1.0000E8 -9.30744672 26.5863 13.9467 0.0000 0.0000 0.0000 0.0000 1.0000 0.0100 1.0383E-4 0.0000 1.0000 -13.6427 2.290867652768E-13 1.0000E-7 4 96
-12.500000000000 -13.456970037757 -14.70337809 -9.2233 -9.2233 -3.9612 26.5864 14.0869 5.0000 1.0000E8 -9.30729236 26.5860 14.0866 0.0000 0.0000 0.0000 0.0000 1.0000 0.0100 1.4327E-4 0.0000 1.0000 -13.5027 3.162277660168E-13 1.0000E-7 4 100
-12.360000000000 -13.316970037757 -14.56337809 -9.2233 -9.2233 -3.8214 26.5859 14.2267 5.0000 1.0000E8 -9.30707937 26.5856 14.2264 0.0000 0.0000 0.0000 0.0000 1.0000 0.0100 1.9767E-4 0.0000 1.0000 -13.3627 4.365158322402E-13 1.0000E-7 4 104
-12.220000000000 -13.176970037757 -14.42337809 -9.2233 -9.2233 -3.6817 26.5853 14.3665 5.0000 1.0000E8 -9.30678550 26.5850 14.3661 0.0000 0.0000 0.0000 0.0000 1.0000 0.0100 2.7269E-4 0.0000 1.0000 -13.2227 6.025595860744E-13 1.0000E-7 4 108
-12.080000000000 -13.036970037757 -14.28337809 -9.2233 -9.2233 -3.5421 26.5845 14.5061 5.0000 1.0000E8 -9.30638015 26.5842 14.5057 0.0000 0.0000 0.0000 0.0000 1.0000 0.0100 3.7607E-4 0.0000 1.0000 -13.0827 8.317637711027E-13 1.0000E-7 4 112
-11.940000000000 -12.896970037757 -14.14337809 -9.2233 -9.2233 -3.4026 26.5834 14.6455 5.0000 1.0000E8 -9.30582115 26.5831 14.6452 0.0000 0.0000 0.0000 0.0000 1.0000 0.0100 5.1846E-4 0.0000 1.0000 -12.9427 1.148153621497E-12 1.0000E-7 4 116
-11.800000000000 -12.756970037757 -14.00337809 -9.2233 -9.2233 -3.2633 26.5819 14.7848 5.0000 1.0000E8 -9.30505057 26.5816 14.7844 0.0000 0.0000 0.0000 0.0000 1.0000 0.0100 7.1443E-4 0.0000 1.0000 -12.8027 1.584893192461E-12 1.0000E-7 4 120
-11.660000000000 -12.616970037757 -13.86337809 -9.2233 -9.2233 -3.1243 26.5798 14.9238 5.0000 1.0000E8 -9.30398885 26.5795 14.9234 0.0000 0.0000 0.0000 0.0000 1.0000 0.0100 9.8382E-4 0.0000 1.0000 -12.6627 2.187761623950E-12 1.0000E-7 4 124
-11.520000000000 -12.476970037757 -13.72337809 -9.2233 -9.2233 -2.9857 26.5769 15.0624 5.0000 1.0000E8 -9.30252703 26.5766 15.0621 0.0000 0.0000 0.0000 0.0000 1.0000 0.0100 0.0014 0.0000 1.0000 -12.5227 3.019951720402E-12 1.0000E-7 4 128
-11.380000000000 -12.336970037757 -13.58337809 -9.2233 -9.2233 -2.8476 26.5730 15.2005 5.0000 1.0000E8 -9.30051629 26.5726 15.2002 0.0000 0.0000 0.0000 0.0000 1.0000 0.0100 0.0019 0.0000 1.0000 -12.3827 4.168693834704E-12 1.0000E-7 4 132
-11.240000000000 -12.196970037757 -13.44337809 -9.2233 -9.2233 -2.7102 26.5676 15.3379 5.0000 1.0000E8 -9.29775419 26.5672 15.3376 0.0000 0.0000 0.0000 0.0000 1.0000 0.0100 0.0026 0.0000 1.0000 -12.2427 5.754399373372E-12 1.0000E-7 4 136
-11.100000000000 -12.056970037757 -13.30337809 -9.2233 -9.2233 -2.5737 26.5601 15.4744 5.0000 1.0000E8 -9.29396682 26.5598 15.4740 0.0000 0.0000 0.0000 0.0000 1.0000 0.0100 0.0035 0.0000 1.0000 -12.1027 7.943282347243E-12 1.0000E-7 4 140
-10.960000000000 -11.916970037757 -13.16337809 -9.2233 -9.2233 -2.4386 26.5501 15.6095 5.0000 1.0000E8 -9.28878648 26.5497 15.6092 0.0000 0.0000 0.0000 0.0000 1.0000 0.0100 0.0048 0.0000 1.0000 -11.9627 1.096478196143E-11 1.0000E-7 4 144
-10.820000000000 -11.776970037757 -13.02337809 -9.2233 -9.2233 -2.3053 26.5364 15.7430 5.0000 1.0000E8 -9.28172461 26.5360 15.7426 0.0000 0.0000 0.0000 0.0000 1.0000 0.0100 0.0065 0.0000 1.0000 -11.8227 1.513561248436E-11 1.0000E-7 4 148
-10.680000000000 -11.636970037757 -12.88337809 -9.2233 -9.2233 -2.1743 26.5180 15.8741 5.0000 1.0000E8 -9.27214132 26.5176 15.8737 0.0000 0.0000 0.0000 0.0000 1.0000 0.0100 0.0087 0.0000 1.0000 -11.6827 2.089296130854E-11 1.0000E-7 4 152
-10.540000000000 -11.496970037757 -12.74337809 -9.2233 -9.2233 -2.0466 26.4936 16.0022 5.0000 1.0000E8 -9.25921485 26.4932 16.0018 0.0000 0.0000 0.0000 0.0000 1.0000 0.0100 0.0117 0.0000 1.0000 -11.5427 2.884031503127E-11 1.0000E-7 4 156
-10.400000000000 -11.356970037757 -12.60337809 -9.2233 -9.2233 -1.9231 26.4615 16.1264 5.0000 1.0000E8 -9.24191789 26.4612 16.1260 0.0000 0.0000 0.0000 0.0000 1.0000 0.0100 0.0156 0.0000 1.0000 -11.4027 3.981071705535E-11 1.0000E-7 4 160
-10.260000000000 -11.216970037757 -12.46337809 -9.2233 -9.2233 -1.8051 26.4203 16.2458 5.0000 1.0000E8 -9.21901249 26.4200 16.2455 0.0000 0.0000 0.0000 0.0000 1.0000 0.0100 0.0204 0.0000 1.0000 -11.2627 5.495408738577E-11 1.0000E-7 4 164
-10.120000000000 -11.088970706483 -12.32337809 -9.2233 -9.2233 -1.6942 26.3689 16.3595 5.0000 1.0000E8 -9.18908035 26.3686 16.3592 0.0000 0.0000 0.0000 0.0000 1.0000 0.0100 0.0256 0.0000 1.0000 -11.1347 7.585775750292E-11 1.0000E-7 4 168
-9.980000000000 -11.018852312468 -11.52135676 -9.2233 -9.2233 -1.5923 26.3121 16.4665 5.0000 1.0000E8 -9.15372812 26.3117 16.4661 0.0000 0.0000 0.0000 0.0000 1.0000 0.0100 0.0280 0.0000 1.0000 -11.0646 1.047128548051E-10 1.0000E-7 4 172
-9.840000000000 -10.935867959501 -11.05251803 -9.2233 -9.2233 -1.5014 26.2507 16.5665 5.0000 1.0000E8 -9.11185768 26.2505 16.5661 0.0000 0.0000 0.0000 0.0000 1.0000 0.0100 0.0313 0.0000 1.0000 -10.9816 1.445439770746E-10 1.0000E-7 4 176
-9.700000000000 -10.800696585401 -11.87430201 -9.2233 -9.2233 -1.4233 26.1656 16.6601 5.0000 1.0000E8 -9.04357481 26.1654 16.6598 0.0000 0.0000 0.0000 0.0000 1.0000 0.0100 0.0358 0.0000 1.0000 -10.8465 1.995262314969E-10 1.0000E-7 5 181
-9.560000000000 -10.665279172582 -11.34723566 -9.2233 -9.2233 -1.3600 26.0981 16.7489 5.0000 1.0000E8 -8.97505323 26.0980 16.7486 0.0000 0.0000 0.0000 0.0000 1.0000 0.0100 0.0422 0.0000 1.0000 -10.7110 2.754228703338E-10 1.0000E-7 5 186
-9.420000000000 -10.499409798333 -11.40419947 -9.2233 -9.2233 -1.3133 26.0351 16.8350 5.0000 1.0000E8 -8.89094051 26.0350 16.8347 0.0000 0.0000 0.0000 0.0000 1.0000 0.0100 0.0511 0.0000 1.0000 -10.5452 3.801893963206E-10 1.0000E-7 5 191
-9.280000000000 -10.357621992923 -10.42596664 -9.2233 -9.2233 -1.2853 25.9906 16.9203 5.0000 1.0000E8 -8.81599466 25.9906 16.9200 0.0000 0.0000 0.0000 0.0000 1.0000 0.0100 0.0628 0.0000 1.0000 -10.3978 5.248074602498E-10 1.0000E-7 4 195
-9.140000000000 -10.174592030680 -10.43810927 -9.2233 -9.2233 -1.2782 25.9307 17.0055 5.0000 1.0000E8 -8.72799513 25.9307 17.0053 0.0000 0.0000 0.0000 0.0000 1.0000 0.0100 0.0739 0.0000 1.0000 -10.1798 7.244359600750E-10 1.0000E-7 4 199
-9.000000000000 -9.991562068437 -10.57058755 -9.2233 -9.2233 -1.2937 25.8564 17.0897 5.0000 1.0000E8 -8.71430875 25.8564 17.0896 0.0000 0.0000 0.0000 0.0000 1.0000 0.0100 0.0845 0.0000 1.0000 -10.0118 1.000000000000E-9 1.0000E-7 4 203
-8.860000000000 -9.816970037757 -11.06337809 -9.2233 -9.2233 -1.3335 25.7559 17.1701 5.0000 1.0000E8 -8.67321308 25.7560 17.1700 0.0000 0.0000 0.0000 0.0000 1.0000 0.0100 0.0821 0.0000 1.0000 -9.8627 1.380384264603E-9 1.0000E-7 4 207
-8.720000000000 -9.676970037757 -10.92337809 -9.2233 -9.2233 -1.3986 25.6309 17.2430 5.0000 1.0000E8 -8.60860377 25.6311 17.2429 0.0000 0.0000 0.0000 0.0000 1.0000 0.0100 0.0597 0.0000 1.0000 -9.7227 1.905460717963E-9 1.0000E-7 4 211
-8.580000000000 -9.536970037757 -10.78337809 -9.2233 -9.2233 -1.4891 25.4757 17.3059 5.0000 1.0000E8 -8.51853946 25.4758 17.3059 0.0000 0.0000 0.0000 0.0000 1.0000 0.0100 0.0778 0.0000 1.0000 -9.5827 2.630267991896E-9 1.0000E-7 4 215
-8.440000000000 -9.396970037757 -10.64337809 -9.2233 -9.2233 -1.6054 25.2923 17.3580 5.0000 1.0000E8 -8.40264168 25.2924 17.3579 0.0000 0.0000 0.0000 0.0000 1.0000 0.0100 0.0962 0.0000 1.0000 -9.4427 3.630780547701E-9 1.0000E-7 4 219
-8.300000000000 -9.256970037757 -10.50337809 -9.2233 -9.2233 -1.7487 25.0828 17.3994 5.0000 1.0000E8 -8.25978192 25.0829 17.3994 0.0000 0.0000 0.0000 0.0000 1.0000 0.0100 0.1154 0.0000 1.0000 -9.3027 5.011872336273E-9 1.0000E-7 4 223
-8.160000000000 -9.116970037757 -10.36337809 -9.2233 -9.2233 -1.9205 24.8478 17.4312 5.0000 1.0000E8 -8.08850719 24.8479 17.4312 0.0000 0.0000 0.0000 0.0000 1.0000 0.0100 0.1346 0.0000 1.0000 -9.1627 6.918309709190E-9 1.0000E-7 4 227
-8.020000000000 -8.976970037757 -10.22337809 -9.2233 -9.2233 -2.1201 24.5884 17.4547 5.0000 1.0000E8 -7.99780132 24.5885 17.4547 0.0000 0.0000 0.0000 0.0000 1.0000 0.0100 0.1511 0.0000 1.0000 -9.0227 9.549925860215E-9 1.0000E-7 4 231
-7.880000000000 -8.836970037757 -10.08337809 -9.2233 -9.2233 -2.3415 24.3114 17.4715 5.0000 1.0000E8 -7.99780132 24.3115 17.4715 0.0000 0.0000 0.0000 0.0000 1.0000 0.0100 0.1603 0.0000 1.0000 -8.8827 1.318256738557E-8 1.0000E-7 4 235
-7.740000000000 -8.696970037757 -9.94337809 -9.2233 -9.2233 -2.5722 24.0337 17.4833 5.0000 1.0000E8 -7.99780132 24.0339 17.4833 0.0000 0.0000 0.0000 0.0000 1.0000 0.0100 0.0221 0.0000 1.0000 -8.7427 1.819700858610E-8 1.0000E-7 4 239
-7.600000000000 -8.556970037757 -9.80337809 -9.2233 -9.2233 -2.8015 23.7748 17.4918 5.0000 1.0000E8 -7.99780132 23.7749 17.4918 0.0000 0.0000 0.0000 0.0000 1.0000 0.0100 0.0178 0.0000 1.0000 -8.6027 2.511886431510E-8 1.0000E-7 4 243
-7.460000000000 -8.416970037757 -9.66337809 -9.2233 -9.2233 -3.0216 23.5454 17.4983 5.0000 1.0000E8 -7.99780132 23.5455 17.4983 0.0000 0.0000 0.0000 0.0000 1.0000 0.0100 0.0158 0.0000 1.0000 -8.4627 3.467368504526E-8 1.0000E-7 4 247
-7.320000000000 -8.276970037757 -9.52337809 -9.2233 -9.2233 -3.2018 23.3672 17.5037 5.0000 1.0000E8 -7.99780132 23.3672 17.5037 0.0625 0.0000 0.0000 0.0000 1.0000 0.0100 0.0158 0.0000 1.0000 -8.3227 4.786300923227E-8 1.0000E-7 4 251
-7.180000000000 -8.725152622711 -9.13808392 -9.2233 -9.2233 -3.2928 23.2754 17.5088 5.0000 1.0000E8 -7.99780132 23.2755 17.5088 0.0000 0.0000 0.0000 0.0000 1.0000 0.0100 0.0047 0.0000 1.0000 -8.1848 6.606934480076E-8 1.0000E-7 14 265
-7.040000000000 -8.313335207665 -9.66007428 -9.2233 -9.2233 -3.3273 23.2320 17.5148 5.0000 1.0000E8 -7.99780132 23.2321 17.5148 0.0000 0.0000 0.0000 0.0000 1.0000 0.0100 0.0105 0.0000 1.0000 -8.0410 9.120108393560E-8 1.0000E-7 9 274
-6.900000000000 -8.443942887012 -8.75209459 -9.2233 -9.2233 -3.3375 23.2109 17.5224 5.0000 1.0000E8 -7.99780132 23.2110 17.5224 0.0000 0.0000 0.0000 0.0000 1.0000 0.0100 0.0068 0.0000 1.0000 -7.9061 1.258925411794E-7 1.0000E-7 20 294
-6.760000000000 -8.395238891296 -9.58130328 -9.2233 -9.2233 -3.3428 23.1882 17.5322 5.0000 1.0000E8 -7.99780132 23.1882 17.5322 0.0000 0.0000 0.0000 0.0000 1.0000 0.0100 0.0064 0.0000 1.0000 -7.7607 1.737800828749E-7 1.0000E-7 20 314
-6.620000000000 -8.579852520448 -9.52680227 -9.2233 -9.2233 -3.3466 23.1602 17.5446 5.0000 1.0000E8 -7.99780132 23.1602 17.5446 0.0000 0.0000 0.0000 0.0000 1.0000 0.0100 0.0013 0.0000 1.0000 -7.6205 2.398832919020E-7 1.0000E-7 21 335
-6.480000000000 -8.146817645740 -8.44468002 -9.2233 -9.2233 -3.3484 23.1245 17.5600 5.0000 1.0000E8 -7.99780132 23.1245 17.5600 0.0625 0.0000 0.0000 0.0000 1.0000 0.0100 0.0035 0.0000 1.0000 -7.4847 3.311311214826E-7 1.0000E-7 19 354
-6.340000000000 -8.055302664619 -8.44653050 -9.2233 -9.2233 -3.3462 23.0759 17.5786 5.0000 1.0000E8 -7.99780132 23.0759 17.5786 0.0625 0.0000 0.0000 0.0000 1.0000 0.0100 0.0041 0.0000 1.0000 -7.3434 4.570881896149E-7 1.0000E-7 15 369
-6.200000000000 -8.419315666819 -8.84956514 -9.2233 -9.2233 -3.3371 23.0131 17.6002 5.0000 1.0000E8 -7.99780132 23.0132 17.6002 0.0000 0.0000 0.0000 0.0000 1.0000 0.0100 0.0017 0.0000 1.0000 -7.2010 6.309573444802E-7 1.0000E-7 45 414
-6.060000000000 -8.581535246639 -9.04839062 -9.2233 -9.2233 -3.3190 22.9328 17.6241 5.0000 1.0000E8 -7.99780132 22.9329 17.6241 0.0000 0.0000 0.0000 0.0000 1.0000 0.0100 0.0011 0.0000 1.0000 -7.0975 8.709635899561E-7 1.0000E-7 80 494
-5.920000000000 -8.653104986861 -8.84010066 -9.2233 -9.2233 -3.2895 22.8307 17.6494 5.0000 1.0000E8 -7.99780132 22.8308 17.6494 0.0000 0.0000 0.0000 0.0000 1.0000 0.0100 8.5617E-4 0.0000 1.0000 -7.0062 1.202264434617E-6 1.0000E-7 115 609
-5.780000000000 -8.516999209508 -8.52742363 -9.2233 -9.2233 -3.2479 22.7030 17.6747 5.0000 1.0000E8 -7.99780132 22.7030 17.6747 0.0000 0.0000 0.0000 0.0000 1.0000 0.0100 0.0011 0.0000 1.0000 -6.8930 1.659586907438E-6 1.0000E-7 163 772
-5.640000000000 -8.484907990097 -9.86886312 -9.2233 -9.2233 -3.1975 22.5463 17.6985 5.0000 1.0000E8 -7.99780132 22.5464 17.6985 0.0000 0.0000 0.0000 0.0000 1.0000 0.0100 0.0010 0.0000 1.0000 -6.7540 2.290867652768E-6 1.0000E-7 220 992
-5.500000000000 -8.826412877352 -9.93986895 -9.2233 -9.2233 -3.1472 22.3641 17.7196 5.0000 1.0000E8 -7.99780132 22.3641 17.7197 0.0000 0.0000 0.0000 0.0000 1.0000 0.0100 4.1351E-4 0.0000 1.0000 -6.5877 3.162277660169E-6 1.0000E-7 273 1265
-5.360000000000 -8.221378908795 -8.24099331 -9.2233 -9.2233 -3.1050 22.1635 17.7376 5.0000 1.0000E8 -7.99780132 22.1635 17.7376 0.0000 0.0000 0.0000 0.0000 1.0000 0.0100 0.0015 0.0000 1.0000 -6.3929 4.365158322402E-6 1.0000E-7 327 1592
-5.220000000000 -8.454614981424 -8.79568313 -9.2233 -9.2233 -3.0740 21.9325 17.7521 5.0000 1.0000E8 -7.99780132 21.9325 17.7522 0.0000 0.0000 0.0000 0.0000 1.0000 0.0100 7.2750E-4 0.0000 1.0000 -6.2201 6.025595860744E-6 1.0000E-7 364 1956
-5.080000000000 -8.136423773024 -8.35335902 -9.2233 -9.2233 -3.0519 21.6776 17.7633 5.0000 1.0000E8 -7.99780132 21.6777 17.7633 0.0625 0.0000 0.0000 0.0000 1.0000 0.0100 0.0013 0.0000 0.9999 -6.0802 8.317637711027E-6 1.0000E-7 384 2340
-4.940000000000 -8.174892094994 -8.91113194 -9.2233 -9.2233 -3.0368 21.3861 17.7713 5.0000 1.0000E8 -7.99780132 21.3861 17.7714 0.0625 0.0000 0.0000 0.0000 1.0000 0.0100 9.9858E-4 0.0000 0.9999 -5.9400 1.148153621497E-5 1.0000E-7 474 2814
-4.800000000000 -8.129134604433 -8.14116438 -9.2233 -9.2233 -3.0259 21.0626 17.7767 5.0000 1.0000E8 -7.99780132 21.0636 17.7768 0.0625 0.0000 0.0000 0.0000 1.0000 0.0100 9.2928E-4 0.0000 0.9999 -5.8002 1.584893192461E-5 1.0000E-7 588 3402
-4.660000000000 -8.083377113872 -8.86480849 -9.2233 -9.2233 -3.0172 20.7015 17.7801 5.0000 1.0000E8 -7.99780132 20.7015 17.7802 0.0625 0.0000 0.0000 0.0000 1.0000 0.0100 8.4166E-4 0.0000 0.9999 -5.6600 2.187761623950E-5 1.0000E-7 774 4176
-4.520000000000 -7.763074679948 -8.97977410 -9.2233 -9.2233 -3.0092 20.2998 17.7820 5.0000 1.0000E8 -7.99780132 20.2998 17.7821 0.1875 0.0000 0.0000 0.0000 1.0000 0.0100 0.0013 0.0000 0.9998 -5.5200 3.019951720402E-5 1.0000E-7 485 4661
-4.380000000000 -7.763074679948 -7.90057799 -9.2233 -9.2233 -2.9999 19.8864 17.7830 5.0000 1.0000E8 -7.99780132 19.9009 17.7831 0.1875 0.0000 0.0000 0.0000 1.0000 0.0100 1.2136E-5 0.0000 0.9998 -5.3801 4.168693834704E-5 1.0000E-7 666 5327
-4.240000000000 -7.763074679948 -7.78021512 -9.2233 -9.2233 -2.9884 19.5403 17.7836 5.0000 1.0000E8 -7.99780132 19.5572 17.7837 0.1875 0.0000 0.0000 0.0000 1.0000 0.0100 1.1857E-5 0.0000 0.9997 -5.2401 5.754399373372E-5 1.0000E-7 919 6246
-4.100000000000 -7.763074679948 -8.04730509 -9.2233 -9.2233 -2.9739 19.3653 17.7840 5.0000 1.0000E8 -7.99780132 19.4016 17.7842 0.1875 0.0000 0.0000 0.0000 1.0000 0.0100 1.1180E-5 0.0000 0.9996 -5.1000 7.943282347243E-5 1.0000E-7 1269 7515
-3.960000000000 -7.763074679948 -9.11314538 -9.2233 -9.2233 -2.9562 19.2999 17.7845 5.0000 1.0000E8 -7.99780132 19.2999 17.7847 0.1875 0.0000 0.0000 0.0000 1.0000 0.0100 1.0302E-5 0.0000 0.9994 -4.9600 1.096478196143E-4 1.0000E-7 1752 9267
-3.820000000000 -7.763074679948 -8.70428140 -9.2233 -9.2233 -2.9350 19.2501 17.7851 5.0000 1.0000E8 -7.99780132 19.2501 17.7853 0.1875 0.0000 0.0000 0.0000 1.0000 0.0100 9.2989E-6 0.0000 0.9992 -4.8200 1.513561248436E-4 1.0000E-7 2418 11685
-3.680000000000 -7.763074679948 -8.02523259 -9.2233 -9.2233 -2.9105 19.1927 17.7857 5.0000 1.0000E8 -7.99780132 19.2297 17.7860 0.1875 0.0000 0.0000 0.0000 1.0000 0.0100 8.2199E-6 0.0000 0.9990 -4.6800 2.089296130854E-4 1.0000E-7 3337 15022
-3.540000000000 -7.763074679948 -7.90772247 -9.2233 -9.2233 -2.8829 19.1257 17.7866 5.0000 1.0000E8 -7.99780132 19.1621 17.7868 0.1875 0.0000 0.0000 0.0000 1.0000 0.0100 7.1112E-6 0.0000 0.9987 -4.5400 2.884031503127E-4 1.0000E-7 4606 19628
-3.400000000000 -7.763074679948 -7.94425937 -9.2233 -9.2233 -2.8527 19.0492 17.7875 5.0000 1.0000E8 -7.99780132 19.0842 17.7878 0.1875 0.0000 0.0000 0.0000 1.0000 0.0100 6.0220E-6 0.0000 0.9984 -4.4000 3.981071705535E-4 1.0000E-7 6358 25986
-3.260000000000 -7.763074679948 -9.67329327 -9.2233 -9.2233 -2.8207 18.9638 17.7886 5.0000 1.0000E8 -7.99780132 18.9638 17.7888 0.1875 0.0000 0.0000 0.0000 1.0000 0.0100 4.9963E-6 0.0000 0.9980 -4.2600 5.495408738577E-4 1.0000E-7 8777 34763
-3.120000000000 -7.717317189387 -7.79182356 -9.2233 -9.2233 -2.7876 18.8599 17.7898 5.0000 1.0000E8 -7.99780132 18.8434 17.7900 0.1875 0.0000 0.0000 0.0000 1.0000 0.0100 4.5054E-6 0.0000 0.9974 -4.1200 7.585775750292E-4 1.0000E-7 10903 45666
-2.980000000000 -7.717317189387 -8.66801307 -9.2233 -9.2233 -2.7540 18.7610 17.7911 5.0000 1.0000E8 -7.99780132 18.7611 17.7912 0.1875 0.0000 0.0000 0.0000 1.0000 0.0100 3.6037E-6 0.0000 0.9968 -3.9800 0.001047128548 1.0000E-7 15051 60717
-2.840000000000 -7.671559698826 -8.02414320 -9.2233 -9.2233 -2.7208 18.6477 17.7925 5.0000 1.0000E8 -7.99780132 18.6861 17.7925 0.1875 0.0000 0.0000 0.0000 1.0000 0.0100 3.1368E-6 0.0000 0.9961 -3.8400 0.001445439771 1.0000E-7 18698 79415
-2.700000000000 -7.671559698826 -7.85364201 -9.2233 -9.2233 -2.6885 18.5460 17.7940 5.0000 1.0000E8 -7.99780132 18.5789 17.7939 0.1875 0.0000 0.0000 0.0000 1.0000 0.0100 2.4195E-6 0.0000 0.9952 -3.7000 0.001995262315 1.0000E-7 25810 105225
-2.560000000000 -7.625802208266 -7.90928114 -9.2233 -9.2233 -2.6581 18.4412 17.7956 5.0000 1.0000E8 -7.99780132 18.4732 17.7953 0.1875 0.0000 0.0000 0.0000 1.0000 0.0100 2.0202E-6 0.0000 0.9942 -3.5600 0.002754228703 1.0000E-7 32065 137290
-2.420000000000 -7.534287227144 -8.52837625 -9.2233 -9.2233 -2.6305 18.3445 17.7974 5.0000 1.0000E8 -7.99780132 18.3445 17.7968 0.2500 0.0000 0.0000 0.0000 1.0000 0.0100 1.8137E-6 0.0000 0.9931 -3.4200 0.003801893963 1.0000E-7 39028 176318
-2.280000000000 -7.442772246023 -8.48474054 -9.2233 -9.2233 -2.6072 18.2775 17.7994 5.0000 1.0000E8 -7.99780132 18.2776 17.7984 0.2500 0.0000 0.0000 0.0000 1.0000 0.0100 1.5784E-6 0.0000 0.9918 -3.2800 0.005248074602 1.0000E-7 43213 219531
-2.140000000000 -7.259742283780 -7.51461897 -9.2233 -9.2233 -2.5892 18.2285 17.8018 5.0000 1.0000E8 -7.99780132 18.1837 17.8006 0.2500 0.0000 0.0000 0.0000 1.0000 0.0100 1.6489E-6 0.0000 0.9906 -3.1400 0.007244359601 1.0000E-7 45007 264538
-2.000000000000 -6.985197340416 -7.32437323 -9.2233 -9.2233 -2.5771 18.1944 17.8049 5.0000 1.0000E8 -7.99780132 18.1891 17.8034 0.2500 0.0000 0.0000 0.0000 1.0000 0.0100 2.1884E-6 0.0000 0.9895 -3.0000 0.010000000000 1.0000E-7 39014 303552
