-16.000000000000 -17.09914 10.5874 26.5875 5.00000 8.0000 0.5000 1.0000 3.8678E26 3.8674E10 3.4616E-8 1.0000 1.6819E-11 5.3156E-93 3.4616E-8
-15.860000000000 -16.95360 10.7274 26.5875 5.00000 8.0000 0.5000 1.0000 3.8678E26 5.3386E10 4.7784E-8 1.0000 2.3217E-11 1.7809E-91 4.7784E-8
-15.720000000000 -16.81035 10.8674 26.5875 5.00000 8.0000 0.5000 1.0000 3.8678E26 7.3695E10 6.5962E-8 1.0000 3.2049E-11 6.0735E-90 6.5962E-8
-15.580000000000 -16.67035 11.0074 26.5875 5.00000 8.0000 0.5000 1.0000 3.8678E26 1.0173E11 9.1054E-8 1.0000 4.4241E-11 2.0924E-88 9.1054E-8
-15.440000000000 -16.53035 11.1474 26.5875 5.00000 8.0000 0.5000 1.0000 3.8678E26 1.4043E11 1.2569E-7 1.0000 6.1070E-11 7.2385E-87 1.2569E-7
-15.300000000000 -16.39035 11.2875 26.5875 5.00000 8.0000 0.5000 1.0000 3.8678E26 1.9384E11 1.7350E-7 1.0000 8.4301E-11 2.5079E-85 1.7350E-7
-15.160000000000 -16.25035 11.4275 26.5875 5.00000 8.0000 0.5000 1.0000 3.8678E26 2.6758E11 2.3950E-7 1.0000 1.1637E-10 8.6936E-84 2.3950E-7
-15.020000000000 -16.11035 11.5675 26.5875 5.00000 8.0000 0.5000 1.0000 3.8677E26 3.6936E11 3.3061E-7 1.0000 1.6063E-10 3.0142E-82 3.3061E-7
-14.880000000000 -15.97035 11.7075 26.5875 5.00000 8.0000 0.5000 1.0000 3.8677E26 5.0987E11 4.5636E-7 1.0000 2.2174E-10 1.0451E-80 4.5636E-7
-14.740000000000 -15.83035 11.8475 26.5875 5.00000 8.0000 0.5000 1.0000 3.8677E26 7.0381E11 6.2996E-7 1.0000 3.0608E-10 3.6238E-79 6.2996E-7
-14.600000000000 -15.69035 11.9875 26.5875 5.00000 8.0000 0.5000 1.0000 3.8677E26 9.7153E11 8.6958E-7 1.0000 4.2252E-10 1.2565E-77 8.6958E-7
-14.460000000000 -15.55035 12.1275 26.5874 5.00000 8.0000 0.5000 1.0000 3.8677E26 1.3411E12 1.2004E-6 1.0000 5.8324E-10 4.3568E-76 1.2004E-6
-14.320000000000 -15.41035 12.2675 26.5874 5.00000 8.0000 0.5000 1.0000 3.8676E26 1.8512E12 1.6569E-6 1.0000 8.0510E-10 1.5107E-74 1.6569E-6
-14.180000000000 -15.27035 12.4074 26.5874 5.00000 8.0000 0.5000 1.0000 3.8676E26 2.5553E12 2.2872E-6 1.0000 1.1114E-9 5.2380E-73 2.2872E-6
-14.040000000000 -15.13035 12.5474 26.5874 5.00000 8.0000 0.5000 1.0000 3.8675E26 3.5273E12 3.1572E-6 1.0000 1.5341E-9 1.8162E-71 3.1572E-6
-13.900000000000 -14.99035 12.6874 26.5874 5.00000 8.0000 0.5000 1.0000 3.8674E26 4.8690E12 4.3581E-6 1.0000 2.1177E-9 6.2971E-70 4.3581E-6
-13.760000000000 -14.85035 12.8274 26.5874 5.00000 8.0000 0.5000 1.0000 3.8672E26 6.7210E12 6.0157E-6 1.0000 2.9233E-9 2.1833E-68 6.0157E-6
-13.620000000000 -14.71035 12.9674 26.5874 5.00000 8.0000 0.5000 1.0000 3.8670E26 9.2773E12 8.3038E-6 1.0000 4.0354E-9 7.5700E-67 8.3038E-6
-13.480000000000 -14.57035 13.1074 26.5873 5.00000 8.0000 0.5000 1.0000 3.8667E26 1.2806E13 1.1462E-5 1.0000 5.5706E-9 2.6246E-65 1.1462E-5
-13.340000000000 -14.43035 13.2474 26.5873 5.00000 8.0000 0.5000 1.0000 3.8663E26 1.7676E13 1.5821E-5 1.0000 7.6900E-9 9.0991E-64 1.5821E-5
-13.200000000000 -14.29035 13.3874 26.5872 5.00000 8.0000 0.5000 1.0000 3.8658E26 2.4398E13 2.1838E-5 1.0000 1.0616E-8 3.1545E-62 2.1838E-5
-13.060000000000 -14.15035 13.5273 26.5872 5.00000 8.0000 0.5000 1.0000 3.8651E26 3.3676E13 3.0142E-5 1.0000 1.4656E-8 1.0935E-60 3.0142E-5
-12.920000000000 -14.01035 13.6673 26.5870 5.00000 8.0000 0.5000 1.0000 3.8640E26 4.6479E13 4.1602E-5 1.0000 2.0234E-8 3.7903E-59 4.1602E-5
-12.780000000000 -13.87035 13.8072 26.5869 5.00000 8.0000 0.5000 1.0000 3.8626E26 6.4148E13 5.7417E-5 0.9999 2.7936E-8 1.3136E-57 5.7417E-5
-12.640000000000 -13.73035 13.9471 26.5867 5.00000 8.0000 0.5000 1.0000 3.8606E26 8.8527E13 7.9238E-5 0.9999 3.8573E-8 4.5519E-56 7.9238E-5
-12.500000000000 -13.59035 14.0869 26.5864 5.00000 8.0000 0.5000 1.0000 3.8579E26 1.2216E14 1.0934E-4 0.9999 5.3267E-8 1.5769E-54 1.0934E-4
-12.360000000000 -13.45035 14.2267 26.5859 5.00000 8.0000 0.5000 1.0000 3.8542E26 1.6855E14 1.5087E-4 0.9998 7.3569E-8 5.4612E-53 1.5087E-4
-12.220000000000 -13.31035 14.3665 26.5853 5.00000 8.0000 0.5000 1.0000 3.8490E26 2.3252E14 2.0812E-4 0.9998 1.0163E-7 1.8904E-51 2.0812E-4
-12.080000000000 -13.17035 14.5061 26.5845 5.00000 8.0000 0.5000 1.0000 3.8419E26 3.2068E14 2.8703E-4 0.9997 1.4043E-7 6.5397E-50 2.8703E-4
-11.940000000000 -13.03035 14.6455 26.5834 5.00000 8.0000 0.5000 1.0000 3.8321E26 4.4212E14 3.9574E-4 0.9996 1.9414E-7 2.2603E-48 3.9574E-4
-11.800000000000 -12.89035 14.7848 26.5819 5.00000 8.0000 0.5000 1.0000 3.8187E26 6.0928E14 5.4536E-4 0.9995 2.6853E-7 7.8031E-47 5.4536E-4
-11.660000000000 -12.75035 14.9238 26.5798 5.00000 8.0000 0.5000 1.0000 3.8003E26 8.3910E14 7.5109E-4 0.9992 3.7173E-7 2.6893E-45 7.5109E-4
-11.520000000000 -12.61035 15.0624 26.5769 5.00000 8.0000 0.5000 1.0000 3.7752E26 1.1546E15 0.0010 0.9990 5.1518E-7 9.2477E-44 0.0010
-11.380000000000 -12.47035 15.2005 26.5730 5.00000 8.0000 0.5000 1.0000 3.7409E26 1.5869E15 0.0014 0.9986 7.1518E-7 3.1701E-42 0.0014
-11.240000000000 -12.33035 15.3379 26.5676 5.00000 8.0000 0.5000 1.0000 3.6945E26 2.1774E15 0.0019 0.9980 9.9522E-7 1.0821E-40 0.0019
-11.100000000000 -12.19035 15.4744 26.5601 5.00000 8.0000 0.5000 1.0000 3.6320E26 2.9812E15 0.0027 0.9973 1.3898E-6 3.6722E-39 0.0027
-10.960000000000 -12.05035 15.6095 26.5501 5.00000 8.0000 0.5000 1.0000 3.5485E26 4.0695E15 0.0036 0.9964 1.9510E-6 1.2365E-37 0.0036
-10.820000000000 -11.91035 15.7430 26.5364 5.00000 8.0000 0.5000 1.0000 3.4386E26 5.5329E15 0.0050 0.9950 2.7604E-6 4.1195E-36 0.0050
-10.680000000000 -11.77035 15.8741 26.5180 5.00000 8.0000 0.5000 1.0000 3.2962E26 7.4828E15 0.0067 0.9933 3.9517E-6 1.3533E-34 0.0067
-10.540000000000 -11.63035 16.0022 26.4936 5.00000 8.0000 0.5000 1.0000 3.1158E26 1.0050E16 0.0090 0.9910 5.7580E-6 4.3640E-33 0.0090
-10.400000000000 -11.49035 16.1264 26.4615 5.00000 8.0000 0.5000 1.0000 2.8941E26 1.3378E16 0.0119 0.9881 8.6126E-6 1.3738E-31 0.0119
-10.260000000000 -11.35035 16.2458 26.4203 5.00000 8.0000 0.5000 1.0000 2.6322E26 1.7614E16 0.0157 0.9843 1.3381E-5 4.1947E-30 0.0157
-10.120000000000 -11.21035 16.3595 26.3689 5.00000 8.0000 0.5000 1.0000 2.3383E26 2.2884E16 0.0202 0.9798 2.1921E-5 1.2331E-28 0.0202
-9.980000000000 -11.09510 16.4665 26.3121 5.00000 8.0000 0.5000 1.0000 2.0514E26 2.9273E16 0.0256 0.9744 3.8686E-5 3.9819E-27 0.0256
-9.840000000000 -11.01195 16.5665 26.2507 5.00000 8.0000 0.5000 1.0000 1.7813E26 3.6852E16 0.0315 0.9684 7.4615E-5 1.1923E-25 0.0315
-9.700000000000 -10.88896 16.6601 26.1656 5.00000 8.0000 0.5000 1.0000 1.4643E26 4.5723E16 0.0377 0.9621 1.5782E-4 3.2604E-24 0.0377
-9.560000000000 -10.76365 16.7489 26.0981 5.00000 8.0000 0.5000 1.0000 1.2535E26 5.6093E16 0.0437 0.9560 3.6123E-4 8.2677E-23 0.0437
-9.420000000000 -10.61706 16.8350 26.0351 5.00000 8.0000 0.5000 1.0000 1.0842E26 6.8384E16 0.0486 0.9505 8.6092E-4 1.8148E-21 0.0486
-9.280000000000 -10.48943 16.9203 25.9906 5.00000 8.0000 0.5000 1.0000 9.7860E25 8.3226E16 0.0518 0.9461 0.0020 3.4433E-20 0.0518
-9.140000000000 -10.32200 17.0055 25.9307 5.00000 8.0000 0.5000 1.0000 8.5248E25 1.0128E17 0.0527 0.9426 0.0047 5.8372E-19 0.0527
-9.000000000000 -10.13897 17.0897 25.8564 5.00000 8.0000 0.5000 1.0000 7.1838E25 1.2295E17 0.0508 0.9391 0.0101 8.1049E-18 0.0508
-8.860000000000 -9.96170 17.1701 25.7559 5.00000 8.0000 0.5000 1.0000 5.7003E25 1.4794E17 0.0464 0.9338 0.0198 8.7870E-17 0.0464
-8.720000000000 -9.81035 17.2430 25.6309 5.00000 8.0000 0.5000 1.0000 4.2750E25 1.7498E17 0.0399 0.9247 0.0353 7.8365E-16 0.0399
-8.580000000000 -9.67035 17.3059 25.4757 5.00000 8.0000 0.5000 1.0000 2.9901E25 2.0227E17 0.0324 0.9104 0.0572 5.4892E-15 0.0324
-8.440000000000 -9.53035 17.3580 25.2923 5.00000 8.0000 0.5000 1.0000 1.9601E25 2.2802E17 0.0248 0.8908 0.0844 2.9516E-14 0.0248
-8.300000000000 -9.39035 17.3994 25.0828 5.00000 8.0000 0.5000 1.0000 1.2099E25 2.5083E17 0.0178 0.8677 0.1144 1.2111E-13 0.0178
-8.160000000000 -9.25035 17.4312 24.8478 5.00000 8.0000 0.5000 1.0000 7.0441E24 2.6988E17 0.0120 0.8436 0.1444 3.8094E-13 0.0120
-8.020000000000 -9.11035 17.4547 24.5884 5.00000 8.0000 0.5000 1.0000 3.8765E24 2.8490E17 0.0076 0.8208 0.1716 9.3101E-13 0.0076
-7.880000000000 -8.97035 17.4715 24.3114 5.00000 8.0000 0.5000 1.0000 2.0482E24 2.9613E17 0.0046 0.8009 0.1946 1.8122E-12 0.0046
-7.740000000000 -8.83035 17.4833 24.0337 5.00000 8.0000 0.5000 1.0000 1.0808E24 3.0429E17 0.0027 0.7840 0.2133 2.9156E-12 0.0027
-7.600000000000 -8.69035 17.4918 23.7748 5.00000 8.0000 0.5000 1.0000 5.9536E23 3.1030E17 0.0016 0.7699 0.2286 4.0446E-12 0.0016
-7.460000000000 -8.55035 17.4983 23.5454 5.00000 8.0000 0.5000 1.0000 3.5106E23 3.1498E17 9.5152E-4 0.7577 0.2413 5.0201E-12 9.5152E-4
-7.320000000000 -8.41035 17.5037 23.3672 5.00000 8.0000 0.5000 1.0000 2.3291E23 3.1891E17 6.2831E-4 0.7466 0.2528 5.7597E-12 6.2831E-4
-7.180000000000 -8.85762 17.5088 23.2754 5.00000 8.0000 0.5000 1.0000 1.8855E23 3.2271E17 5.0958E-4 0.7351 0.2644 6.3077E-12 5.0958E-4
-7.040000000000 -8.44580 17.5148 23.2320 5.00000 8.0000 0.5000 1.0000 1.7063E23 3.2720E17 4.7063E-4 0.7212 0.2783 6.8558E-12 4.7063E-4
-6.900000000000 -8.57641 17.5224 23.2109 5.00000 8.0000 0.5000 1.0000 1.6252E23 3.3297E17 4.5969E-4 0.7032 0.2963 7.5986E-12 4.5969E-4
-6.760000000000 -8.52770 17.5322 23.1882 5.00000 8.0000 0.5000 1.0000 1.5424E23 3.4055E17 4.5417E-4 0.6798 0.3198 8.8027E-12 4.5417E-4
-6.620000000000 -8.39116 17.5446 23.1602 5.00000 8.0000 0.5000 1.0000 1.4460E23 3.5044E17 4.5017E-4 0.6495 0.3500 1.0901E-11 4.5017E-4
-6.480000000000 -8.22879 17.5600 23.1245 5.00000 8.0000 0.5000 1.0000 1.3320E23 3.6311E17 4.4832E-4 0.6112 0.3883 1.4741E-11 4.4832E-4
-6.340000000000 -8.05530 17.5786 23.0759 5.00000 8.0000 0.5000 1.0000 1.1908E23 3.7898E17 4.5058E-4 0.5639 0.4356 2.2140E-11 4.5058E-4
-6.200000000000 -8.55178 17.6002 23.0131 5.00000 8.0000 0.5000 1.0000 1.0307E23 3.9825E17 4.6011E-4 0.5076 0.4920 3.7613E-11 4.6011E-4
-6.060000000000 -8.71400 17.6241 22.9328 5.00000 8.0000 0.5000 1.0000 8.5667E22 4.2081E17 4.7970E-4 0.4429 0.5566 7.3095E-11 4.7970E-4
-5.920000000000 -8.78557 17.6494 22.8307 5.00000 8.0000 0.5000 1.0000 6.7722E22 4.4608E17 5.1341E-4 0.3727 0.6268 1.6464E-10 5.1341E-4
-5.780000000000 -8.64946 17.6747 22.7030 5.00000 8.0000 0.5000 1.0000 5.0461E22 4.7283E17 5.6510E-4 0.3016 0.6978 4.3668E-10 5.6510E-4
-5.640000000000 -8.61737 17.6985 22.5463 5.00000 8.0000 0.5000 1.0000 3.5182E22 4.9945E17 6.3458E-4 0.2352 0.7641 1.3630E-9 6.3458E-4
-5.500000000000 -8.35590 17.7196 22.3641 5.00000 8.0000 0.5000 1.0000 2.3126E22 5.2437E17 7.1249E-4 0.1774 0.8219 4.7834E-9 7.1250E-4
-5.360000000000 -8.35384 17.7376 22.1635 5.00000 8.0000 0.5000 1.0000 1.4571E22 5.4649E17 7.8517E-4 0.1287 0.8705 1.7190E-8 7.8518E-4
-5.220000000000 -8.22540 17.7521 21.9325 5.00000 8.0000 0.5000 1.0000 8.5599E21 5.6511E17 8.4335E-4 0.0888 0.9103 5.7703E-8 8.4341E-4
-5.080000000000 -8.16615 17.7633 21.6776 5.00000 8.0000 0.5000 0.9999 4.7604E21 5.7983E17 8.8726E-4 0.0577 0.9414 1.7266E-7 8.8744E-4
-4.940000000000 -8.17489 17.7713 21.3861 5.00000 8.0000 0.5000 0.9999 2.4326E21 5.9064E17 9.1875E-4 0.0351 0.9639 4.5630E-7 9.1921E-4
-4.800000000000 -8.12913 17.7767 21.0626 5.00000 8.0000 0.5000 0.9999 1.1549E21 5.9803E17 9.4212E-4 0.0201 0.9789 1.0738E-6 9.4319E-4
-4.660000000000 -8.08338 17.7801 20.7015 5.00000 8.0000 0.5000 0.9999 5.0293E20 6.0269E17 9.6109E-4 0.0110 0.9879 2.2799E-6 9.6337E-4
-4.520000000000 -7.76307 17.7820 20.2998 5.00000 8.0000 0.5000 0.9998 1.9944E20 6.0536E17 9.7910E-4 0.0061 0.9928 4.4270E-6 9.8353E-4
-4.380000000000 -7.76307 17.7830 19.8864 5.00000 8.0000 0.5000 0.9998 7.6990E19 6.0680E17 0.0010 0.0038 0.9950 8.0011E-6 0.0010
-4.240000000000 -7.76307 17.7836 19.5403 5.00000 8.0000 0.5000 0.9997 3.4700E19 6.0760E17 0.0010 0.0029 0.9958 1.3735E-5 0.0010
-4.100000000000 -7.76307 17.7840 19.3653 5.00000 8.0000 0.5000 0.9996 2.3190E19 6.0820E17 0.0011 0.0025 0.9960 2.2890E-5 0.0011
-3.960000000000 -7.76307 17.7845 19.2999 5.00000 8.0000 0.5000 0.9994 1.9947E19 6.0884E17 0.0011 0.0023 0.9959 3.7788E-5 0.0011
-3.820000000000 -7.76307 17.7851 19.2501 5.00000 8.0000 0.5000 0.9992 1.7786E19 6.0963E17 0.0012 0.0021 0.9959 6.2766E-5 0.0012
-3.680000000000 -7.76307 17.7857 19.1927 5.00000 8.0000 0.5000 0.9990 1.5584E19 6.1058E17 0.0012 0.0019 0.9957 1.0595E-4 0.0013
-3.540000000000 -7.76307 17.7866 19.1257 5.00000 8.0000 0.5000 0.9987 1.3356E19 6.1173E17 0.0013 0.0017 0.9955 1.8261E-4 0.0015
-3.400000000000 -7.76307 17.7875 19.0492 5.00000 8.0000 0.5000 0.9984 1.1199E19 6.1307E17 0.0014 0.0015 0.9951 3.2143E-4 0.0017
-3.260000000000 -7.76307 17.7886 18.9638 5.00000 8.0000 0.5000 0.9980 9.2003E18 6.1460E17 0.0015 0.0013 0.9946 5.7548E-4 0.0021
-3.120000000000 -7.71732 17.7898 18.8599 5.00000 8.0000 0.5000 0.9974 7.2423E18 6.1628E17 0.0016 0.0011 0.9936 0.0010 0.0027
-2.980000000000 -7.71732 17.7911 18.7610 5.00000 8.0000 0.5000 0.9968 5.7682E18 6.1814E17 0.0018 9.6318E-4 0.9922 0.0019 0.0036
-2.840000000000 -7.67156 17.7925 18.6477 5.00000 8.0000 0.5000 0.9961 4.4430E18 6.2012E17 0.0019 8.1562E-4 0.9900 0.0034 0.0053
-2.700000000000 -7.67156 17.7940 18.5460 5.00000 8.0000 0.5000 0.9952 3.5157E18 6.2229E17 0.0020 6.8872E-4 0.9864 0.0061 0.0081
-2.560000000000 -7.62580 17.7956 18.4412 5.00000 8.0000 0.5000 0.9942 2.7619E18 6.2461E17 0.0022 5.8264E-4 0.9808 0.0107 0.0129
-2.420000000000 -7.53429 17.7974 18.3445 5.00000 8.0000 0.5000 0.9931 2.2105E18 6.2717E17 0.0023 4.9634E-4 0.9717 0.0186 0.0209
-2.280000000000 -7.44277 17.7994 18.2775 5.00000 8.0000 0.5000 0.9918 1.8946E18 6.3008E17 0.0025 4.2868E-4 0.9572 0.0317 0.0342
-2.140000000000 -7.25974 17.8018 18.2285 5.00000 8.0000 0.5000 0.9906 1.6924E18 6.3363E17 0.0026 3.7757E-4 0.9352 0.0525 0.0550
-2.000000000000 -6.98520 17.8049 18.1944 5.00000 8.0000 0.5000 0.9895 1.5645E18 6.3812E17 0.0026 3.3974E-4 0.9031 0.0835 0.0861
